[debug] ----------------------------------------------------------------------
[debug] Command:      C:\Program Files\nodejs\node.exe C:\Users\Compt\AppData\Roaming\npm\node_modules\firebase-tools\bin\firebase serve
[debug] CLI Version:  3.0.3
[debug] Platform:     win32
[debug] Node Version: v4.4.3
[debug] Time:         Mon Aug 29 2016 20:50:29 GMT-0500 (Central Daylight Time)
[debug] ----------------------------------------------------------------------
[debug] 
[info] Starting Firebase development server...
[info] 
[info] Project Directory: C:\Development\MyFirebaseApp
[info] Public Directory: public
[info] 
[info] Server listening at: http://localhost:5000
[debug] ----------------------------------------------------------------------
[debug] Command:      C:\Program Files\nodejs\node.exe C:\Users\Compt\AppData\Roaming\npm\node_modules\firebase-tools\bin\firebase serve
[debug] CLI Version:  3.0.3
[debug] Platform:     win32
[debug] Node Version: v4.4.3
[debug] Time:         Mon Aug 29 2016 20:57:00 GMT-0500 (Central Daylight Time)
[debug] ----------------------------------------------------------------------
[debug] 
[info] Starting Firebase development server...
[info] 
[info] Project Directory: C:\Development\MyFirebaseApp
[info] Public Directory: public
[info] 
[info] Server listening at: http://localhost:5000
